TN:
SF:script/DeployHook.s.sol
DA:25,0
FN:25,DeployHook.run
FNDA:0,DeployHook.run
DA:26,0
BRDA:26,0,0,-
BRDA:26,0,1,-
DA:27,0
BRDA:27,1,0,-
BRDA:27,1,1,-
DA:29,0
DA:30,0
DA:32,0
DA:37,0
DA:42,0
DA:44,0
DA:45,0
DA:46,0
DA:49,0
DA:50,0
DA:51,0
DA:53,0
BRDA:53,2,0,-
DA:54,0
DA:55,0
FNF:1
FNH:0
LF:17
LH:0
BRF:5
BRH:0
end_of_record
TN:
SF:src/hooks/PrivacyLiquidityHook.sol
DA:94,3106
FN:94,PrivacyLiquidityHook.onlyPrivacyVault
FNDA:3106,PrivacyLiquidityHook.onlyPrivacyVault
DA:95,3106
BRDA:95,0,0,519
DA:96,519
DA:108,56
FN:108,PrivacyLiquidityHook.constructor
FNDA:56,PrivacyLiquidityHook.constructor
DA:112,56
BRDA:112,1,0,-
BRDA:112,1,1,56
DA:113,56
DA:123,2
FN:123,PrivacyLiquidityHook.getHookPermissions
FNDA:2,PrivacyLiquidityHook.getHookPermissions
DA:124,2
DA:152,6
FN:152,PrivacyLiquidityHook.computeActionHash
FNDA:6,PrivacyLiquidityHook.computeActionHash
DA:157,6
DA:168,3106
FN:168,PrivacyLiquidityHook.addLiquidityWithPrivacy
FNDA:3106,PrivacyLiquidityHook.addLiquidityWithPrivacy
DA:175,2587
BRDA:175,2,0,3
DA:176,3
DA:180,2584
BRDA:180,3,0,4
DA:181,4
DA:185,2580
DA:190,2580
DA:197,2579
DA:198,2579
DA:210,3
FN:210,PrivacyLiquidityHook.getPoolManager
FNDA:3,PrivacyLiquidityHook.getPoolManager
DA:211,3
DA:225,2581
FN:225,PrivacyLiquidityHook._beforeAddLiquidity
FNDA:2581,PrivacyLiquidityHook._beforeAddLiquidity
DA:232,2581
BRDA:232,4,0,2
DA:233,2
DA:237,2579
DA:239,2579
DA:250,2
FN:250,PrivacyLiquidityHook._validateAuthorization
FNDA:2,PrivacyLiquidityHook._validateAuthorization
DA:251,2
DA:252,2
DA:261,2587
FN:261,PrivacyLiquidityHook._validatePoolParameters
FNDA:2587,PrivacyLiquidityHook._validatePoolParameters
DA:266,2587
BRDA:266,5,0,2
DA:267,2
DA:271,2585
BRDA:271,6,0,-
DA:272,0
DA:276,2585
BRDA:276,7,0,-
DA:277,0
DA:281,2585
BRDA:281,8,0,1
DA:282,1
DA:286,2584
BRDA:286,9,0,-
DA:287,0
DA:290,2584
FNF:9
FNH:9
LF:41
LH:38
BRF:11
BRH:7
end_of_record
TN:
SF:src/libraries/ActionHash.sol
DA:33,2586
FN:33,ActionHash.computeLiquidityActionHash
FNDA:2586,ActionHash.computeLiquidityActionHash
DA:38,2586
DA:58,1050
FN:58,ActionHash.computeLiquidityActionHashMemory
FNDA:1050,ActionHash.computeLiquidityActionHashMemory
DA:63,1050
DA:83,0
FN:83,ActionHash.validatePoolParameters
FNDA:0,ActionHash.validatePoolParameters
DA:88,0
BRDA:88,0,0,-
BRDA:88,0,1,-
DA:94,0
BRDA:94,1,0,-
BRDA:94,1,1,-
DA:97,0
BRDA:97,2,0,-
BRDA:97,2,1,-
DA:100,0
BRDA:100,3,0,-
BRDA:100,3,1,-
DA:101,0
BRDA:101,4,0,-
BRDA:101,4,1,-
DA:105,0
BRDA:105,5,0,-
BRDA:105,5,1,-
DA:111,0
BRDA:111,6,0,-
BRDA:111,6,1,-
DA:113,0
DA:121,2579
FN:121,ActionHash.getPoolId
FNDA:2579,ActionHash.getPoolId
DA:122,2579
DA:130,4
FN:130,ActionHash.getPoolIdMemory
FNDA:4,ActionHash.getPoolIdMemory
DA:131,4
DA:140,8
FN:140,ActionHash.validatePoolParametersMemory
FNDA:8,ActionHash.validatePoolParametersMemory
DA:145,8
BRDA:145,7,0,1
BRDA:145,7,1,7
DA:151,7
BRDA:151,8,0,1
BRDA:151,8,1,6
DA:154,6
BRDA:154,9,0,1
BRDA:154,9,1,5
DA:157,5
BRDA:157,10,0,1
BRDA:157,10,1,4
DA:158,4
BRDA:158,11,0,1
BRDA:158,11,1,3
DA:162,3
BRDA:162,12,0,-
BRDA:162,12,1,3
DA:168,3
BRDA:168,13,0,2
BRDA:168,13,1,1
DA:170,1
FNF:6
FNH:5
LF:26
LH:17
BRF:28
BRH:13
end_of_record
TN:
SF:src/libraries/TransientStorage.sol
DA:26,789
FN:26,TransientStorage.tstoreAddress
FNDA:789,TransientStorage.tstoreAddress
DA:28,789
DA:38,1054
FN:38,TransientStorage.tloadAddress
FNDA:1054,TransientStorage.tloadAddress
DA:40,1054
DA:50,1
FN:50,TransientStorage.tstoreBytes32
FNDA:1,TransientStorage.tstoreBytes32
DA:52,1
DA:62,1
FN:62,TransientStorage.tloadBytes32
FNDA:1,TransientStorage.tloadBytes32
DA:64,1
DA:73,783
FN:73,TransientStorage.setAuthorization
FNDA:783,TransientStorage.setAuthorization
DA:74,783
DA:82,1051
FN:82,TransientStorage.getAuthorization
FNDA:1051,TransientStorage.getAuthorization
DA:83,1051
DA:91,3
FN:91,TransientStorage.clearAuthorization
FNDA:3,TransientStorage.clearAuthorization
DA:92,3
DA:100,782
FN:100,TransientStorage.isAuthorized
FNDA:782,TransientStorage.isAuthorized
DA:101,782
FNF:8
FNH:8
LF:16
LH:16
BRF:0
BRH:0
end_of_record
TN:
SF:tests/hooks/PrivacyLiquidityHook.security.t.sol
DA:26,14
FN:26,MaliciousReentrantContract.constructor
FNDA:14,MaliciousReentrantContract.constructor
DA:27,14
DA:30,0
FN:30,MaliciousReentrantContract.setAttackParams
FNDA:0,MaliciousReentrantContract.setAttackParams
DA:31,0
DA:32,0
DA:36,0
FN:36,MaliciousReentrantContract.fallback
FNDA:0,MaliciousReentrantContract.fallback
DA:37,0
BRDA:37,0,0,-
DA:38,0
DA:40,0
DA:41,0
DA:42,0
FNF:3
FNH:1
LF:11
LH:2
BRF:1
BRH:0
end_of_record
TN:
SF:tests/hooks/PrivacyLiquidityHook.settlement.t.sol
DA:31,28
FN:31,MockERC20.constructor
FNDA:28,MockERC20.constructor
DA:32,28
DA:35,0
FN:35,MockERC20.transfer
FNDA:0,MockERC20.transfer
DA:36,0
BRDA:36,0,0,-
BRDA:36,0,1,-
DA:37,0
DA:38,0
DA:39,0
DA:40,0
DA:43,0
FN:43,MockERC20.approve
FNDA:0,MockERC20.approve
DA:44,0
DA:45,0
DA:46,0
DA:49,0
FN:49,MockERC20.transferFrom
FNDA:0,MockERC20.transferFrom
DA:50,0
BRDA:50,1,0,-
BRDA:50,1,1,-
DA:51,0
BRDA:51,2,0,-
BRDA:51,2,1,-
DA:52,0
DA:53,0
DA:54,0
DA:55,0
DA:56,0
DA:59,5182
FN:59,MockERC20.mint
FNDA:5182,MockERC20.mint
DA:60,5182
FNF:5
FNH:2
LF:22
LH:4
BRF:6
BRH:0
end_of_record
TN:
SF:tests/hooks/mocks/MockPoolManager.sol
DA:44,57
FN:44,MockPoolManager.initialize
FNDA:57,MockPoolManager.initialize
DA:45,57
DA:47,0
BRDA:47,0,0,-
DA:48,0
DA:51,57
DA:53,57
DA:60,57
DA:62,57
DA:65,2581
FN:65,MockPoolManager.modifyLiquidity
FNDA:2581,MockPoolManager.modifyLiquidity
DA:70,2581
DA:72,2581
BRDA:72,1,0,1
DA:73,1
DA:76,2580
BRDA:76,2,0,-
DA:77,0
DA:81,2580
BRDA:81,3,0,2580
DA:82,2580
BRDA:82,4,0,2580
DA:84,2579
BRDA:84,5,0,-
DA:85,0
DA:87,1
BRDA:87,4,1,1
DA:88,1
DA:93,2579
DA:94,2579
DA:96,2579
DA:98,2579
DA:101,0
FN:101,MockPoolManager.getPositionLiquidity
FNDA:0,MockPoolManager.getPositionLiquidity
DA:102,0
FNF:3
FNH:2
LF:26
LH:20
BRF:7
BRH:4
end_of_record
TN:
SF:tests/hooks/mocks/MockPrivacyVault.sol
DA:28,56
FN:28,MockPrivacyVault.constructor
FNDA:56,MockPrivacyVault.constructor
DA:29,56
DA:32,0
FN:32,MockPrivacyVault.executeAction
FNDA:0,MockPrivacyVault.executeAction
DA:38,0
BRDA:38,0,0,-
DA:39,0
DA:43,0
BRDA:43,1,0,-
DA:44,0
DA:48,0
DA:51,0
DA:52,0
DA:56,0
DA:58,0
DA:61,0
FN:61,MockPrivacyVault.validateProof
FNDA:0,MockPrivacyVault.validateProof
DA:68,0
DA:71,0
FN:71,MockPrivacyVault.getMerkleRoot
FNDA:0,MockPrivacyVault.getMerkleRoot
DA:72,0
DA:75,0
FN:75,MockPrivacyVault.isActionExecuted
FNDA:0,MockPrivacyVault.isActionExecuted
DA:76,0
DA:80,0
FN:80,MockPrivacyVault.setMockProofValid
FNDA:0,MockPrivacyVault.setMockProofValid
DA:81,0
DA:84,0
FN:84,MockPrivacyVault.setMerkleRoot
FNDA:0,MockPrivacyVault.setMerkleRoot
DA:85,0
DA:88,0
FN:88,MockPrivacyVault.resetAction
FNDA:0,MockPrivacyVault.resetAction
DA:89,0
DA:92,0
FN:92,MockPrivacyVault.getAuthorization
FNDA:0,MockPrivacyVault.getAuthorization
DA:93,0
DA:96,0
FN:96,MockPrivacyVault.setAuthorization
FNDA:0,MockPrivacyVault.setAuthorization
DA:97,0
DA:98,0
FNF:10
FNH:1
LF:29
LH:2
BRF:2
BRH:0
end_of_record
TN:
SF:tests/hooks/mocks/TestablePrivacyLiquidityHook.sol
DA:24,56
FN:24,TestablePrivacyLiquidityHook.validateHookAddress
FNDA:56,TestablePrivacyLiquidityHook.validateHookAddress
DA:29,2578
FN:29,TestablePrivacyLiquidityHook.setSkipAuthorizationCheck
FNDA:2578,TestablePrivacyLiquidityHook.setSkipAuthorizationCheck
DA:30,2578
DA:36,2581
FN:36,TestablePrivacyLiquidityHook._validateAuthorization
FNDA:2581,TestablePrivacyLiquidityHook._validateAuthorization
DA:37,2579
BRDA:37,0,0,2579
DA:38,2579
DA:40,2
FNF:3
FNH:3
LF:7
LH:7
BRF:1
BRH:1
end_of_record
TN:
SF:tests/libraries/ActionHash.t.sol
DA:16,8
FN:16,ActionHashWrapper.validatePoolParametersMemory
FNDA:8,ActionHashWrapper.validatePoolParametersMemory
DA:20,8
FNF:1
FNH:1
LF:2
LH:2
BRF:0
BRH:0
end_of_record
TN:
SF:tests/utils/TestUtils.sol
DA:24,6
FN:24,TestUtils.createTestMerkleRoot
FNDA:6,TestUtils.createTestMerkleRoot
DA:25,6
DA:31,3
FN:31,TestUtils.createMockProof
FNDA:3,TestUtils.createMockProof
DA:32,3
DA:38,1
FN:38,TestUtils.createMockPublicInputs
FNDA:1,TestUtils.createMockPublicInputs
DA:39,1
DA:40,1
DA:41,0
DA:47,6
FN:47,TestUtils.setupTestAccounts
FNDA:6,TestUtils.setupTestAccounts
DA:48,6
DA:49,6
DA:50,6
FNF:4
FNH:4
LF:12
LH:11
BRF:0
BRH:0
end_of_record
